<?xml version="1.0" encoding="UTF-8"?>
<testsuite xmlns:xsi="http://www.w3.org/2001/XMLSchema-instance" xsi:noNamespaceSchemaLocation="https://maven.apache.org/surefire/maven-surefire-plugin/xsd/surefire-test-report.xsd" name="cucumber.Options.TestRunner" time="13.854" tests="4" errors="0" skipped="0" failures="0">
  <properties>
[...]
</properties>
  <testcase name="Add Address API validation #1" classname="Check AddAddress API" time="4.455"/>
  <testcase name="Add Address API validation #2" classname="Check AddAddress API" time="1.715"/>
  <testcase name="Add Address API validation #3" classname="Check AddAddress API" time="1.724"/>
  <testcase name="Delete Address API validation" classname="Check AddAddress API" time="5.552"/>
</testsuite>